<?xml version="1.0" encoding="utf-8"?><testsuites name="pytest tests"><testsuite name="pytest" errors="0" failures="0" skipped="0" tests="10" time="1.841" timestamp="2026-09-08T16:34:25.435291+00:00" hostname="agent-env-65e53a24-d8c0-4bac-8153-88ba78ce086f"><testcase classname="tests.test_world_v3_and_railway" name="test_world_endpoint_contains_v3_with_five_towns" time="0.339" /><testcase classname="tests.test_world_v3_and_railway" name="test_world_has_exactly_three_named_bridges_and_winding_river" time="0.100" /><testcase classname="tests.test_world_v3_and_railway" name="test_catalog_world_matches_world_endpoint" time="0.185" /><testcase classname="tests.test_world_v3_and_railway" name="test_world_has_required_landmarks_and_large_cinema_plaza" time="0.114" /><testcase classname="tests.test_world_v3_and_railway" name="test_world_road_graph_is_connected_and_landmarks_are_road_reachable" time="0.096" /><testcase classname="tests.test_world_v3_and_railway" name="test_railway_phase_windows_match_spec" time="0.000" /><testcase classname="tests.test_world_v3_and_railway" name="test_gate_blocks_all_crossings_when_closed_and_opens_afterward" time="0.000" /><testcase classname="tests.test_world_v3_and_railway" name="test_world_railway_endpoint_contract" time="0.078" /><testcase classname="tests.test_world_v3_and_railway" name="test_legacy_profile_migrates_only_position_and_world_version" time="0.160" /><testcase classname="tests.test_world_v3_and_railway" name="test_profile_progress_accepts_new_world_bounds" time="0.229" /></testsuite></testsuites>