<?xml version="1.0" encoding="utf-8"?><testsuites name="pytest tests"><testsuite name="pytest" errors="0" failures="5" skipped="0" tests="27" time="11.427" timestamp="2026-09-08T15:28:17.272150+00:00" hostname="agent-env-65e53a24-d8c0-4bac-8153-88ba78ce086f"><testcase classname="tests.test_delivery_game_api" name="test_health_ok" time="0.400" /><testcase classname="tests.test_survival_expansion_v2" name="test_dispatch_message_and_phone_status_flow" time="0.706" /><testcase classname="tests.test_delivery_game_api" name="test_profile_requires_token" time="0.080" /><testcase classname="tests.test_delivery_game_api" name="test_invalid_token_rejected" time="0.080" /><testcase classname="tests.test_delivery_game_api" name="test_two_sessions_are_isolated" time="0.677" /><testcase classname="tests.test_survival_expansion_v2" name="test_no_offers_in_forest_region" time="0.412" /><testcase classname="tests.test_survival_expansion_v2" name="test_pickup_requires_footpath_not_road" time="0.572" /><testcase classname="tests.test_delivery_game_api" name="test_offline_returns_no_new_offers" time="0.270" /><testcase classname="tests.test_delivery_game_api" name="test_accept_pickup_deliver_happy_path_and_persistence" time="0.450"><failure message="assert 400 == 200&#10; +  where 400 = &lt;Response [400]&gt;.status_code">backend/tests/test_delivery_game_api.py:118: in test_accept_pickup_deliver_happy_path_and_persistence
    assert pickup.status_code == 200
E   assert 400 == 200
E    +  where 400 = &lt;Response [400]&gt;.status_code</failure></testcase><testcase classname="tests.test_survival_expansion_v2" name="test_pickup_expiry_worker_auto_cancels_and_pickup_rejects" time="3.461" /><testcase classname="tests.test_delivery_game_api" name="test_distance_validation_pickup" time="0.392" /><testcase classname="tests.test_delivery_game_api" name="test_distance_validation_deliver" time="0.489"><failure message="assert 409 == 400&#10; +  where 409 = &lt;Response [409]&gt;.status_code">backend/tests/test_delivery_game_api.py:172: in test_distance_validation_deliver
    assert too_far.status_code == 400
E   assert 409 == 400
E    +  where 409 = &lt;Response [409]&gt;.status_code</failure></testcase><testcase classname="tests.test_delivery_game_api" name="test_duplicate_reward_prevention" time="0.474"><failure message="assert 409 == 200&#10; +  where 409 = &lt;Response [409]&gt;.status_code">backend/tests/test_delivery_game_api.py:189: in test_duplicate_reward_prevention
    assert first.status_code == 200
E   assert 409 == 200
E    +  where 409 = &lt;Response [409]&gt;.status_code</failure></testcase><testcase classname="tests.test_delivery_game_api" name="test_cannot_buy_without_balance" time="0.154" /><testcase classname="tests.test_delivery_game_api" name="test_can_buy_and_equip_after_earning" time="0.616"><failure message="IndexError: list index out of range">backend/tests/test_delivery_game_api.py:211: in test_can_buy_and_equip_after_earning
    complete_one_delivery(api_client, auth_headers)
backend/tests/test_delivery_game_api.py:34: in complete_one_delivery
    offer = api_client.get(f'{BASE_URL}/api/orders', headers=headers).json()[0]
            ^^^^^^^^^^^^^^^^^^^^^^^^^^^^^^^^^^^^^^^^^^^^^^^^^^^^^^^^^^^^^^^^^^^
E   IndexError: list index out of range</failure></testcase><testcase classname="tests.test_delivery_game_api" name="test_purchase_idempotent_no_double_deduction" time="0.672"><failure message="IndexError: list index out of range">backend/tests/test_delivery_game_api.py:234: in test_purchase_idempotent_no_double_deduction
    complete_one_delivery(api_client, auth_headers)
backend/tests/test_delivery_game_api.py:34: in complete_one_delivery
    offer = api_client.get(f'{BASE_URL}/api/orders', headers=headers).json()[0]
            ^^^^^^^^^^^^^^^^^^^^^^^^^^^^^^^^^^^^^^^^^^^^^^^^^^^^^^^^^^^^^^^^^^^
E   IndexError: list index out of range</failure></testcase><testcase classname="tests.test_survival_expansion_v2" name="test_pickup_clears_deadline_and_delivery_has_no_expiry" time="2.638" /><testcase classname="tests.test_survival_expansion_v2" name="test_hunger_and_rain_drain_health_outside_garage" time="0.362" /><testcase classname="tests.test_survival_expansion_v2" name="test_garage_tick_does_not_reduce_survival_stats" time="0.317" /><testcase classname="tests.test_survival_expansion_v2" name="test_food_buy_and_eat_changes_inventory_and_vitals" time="0.268" /><testcase classname="tests.test_survival_expansion_v2" name="test_collision_cooldown_enforced" time="0.367" /><testcase classname="tests.test_survival_expansion_v2" name="test_roadside_refuel_cost_and_insufficient_funds" time="0.260" /><testcase classname="tests.test_survival_expansion_v2" name="test_service_requires_nearby_and_valid_action" time="0.267" /><testcase classname="tests.test_survival_expansion_v2" name="test_recovery_rejected_when_alive" time="0.183" /><testcase classname="tests.test_survival_expansion_v2" name="test_death_blocks_food_and_pay_recovery_cancels_active_order" time="0.551" /><testcase classname="tests.test_survival_expansion_v2" name="test_restart_recovery_resets_progress" time="0.265" /><testcase classname="tests.test_survival_expansion_v2" name="test_invalid_api_payload_and_serialization_shapes" time="0.309" /></testsuite></testsuites>