<?xml version="1.0" encoding="utf-8"?><testsuites name="pytest tests"><testsuite name="pytest" errors="0" failures="0" skipped="0" tests="12" time="6.353" timestamp="2026-09-08T14:36:48.295406+00:00" hostname="agent-env-65e53a24-d8c0-4bac-8153-88ba78ce086f"><testcase classname="tests.test_delivery_game_api" name="test_health_ok" time="0.245" /><testcase classname="tests.test_delivery_game_api" name="test_profile_requires_token" time="0.102" /><testcase classname="tests.test_delivery_game_api" name="test_invalid_token_rejected" time="0.074" /><testcase classname="tests.test_delivery_game_api" name="test_two_sessions_are_isolated" time="0.561" /><testcase classname="tests.test_delivery_game_api" name="test_offline_returns_no_new_offers" time="0.249" /><testcase classname="tests.test_delivery_game_api" name="test_accept_pickup_deliver_happy_path_and_persistence" time="0.700" /><testcase classname="tests.test_delivery_game_api" name="test_distance_validation_pickup" time="0.386" /><testcase classname="tests.test_delivery_game_api" name="test_distance_validation_deliver" time="0.463" /><testcase classname="tests.test_delivery_game_api" name="test_duplicate_reward_prevention" time="0.611" /><testcase classname="tests.test_delivery_game_api" name="test_cannot_buy_without_balance" time="0.152" /><testcase classname="tests.test_delivery_game_api" name="test_can_buy_and_equip_after_earning" time="1.136" /><testcase classname="tests.test_delivery_game_api" name="test_purchase_idempotent_no_double_deduction" time="1.323" /></testsuite></testsuites>